[debug] [2023-05-09T06:24:44.812Z] ----------------------------------------------------------------------
[debug] [2023-05-09T06:24:44.814Z] Command:       C:\Program Files\nodejs\node.exe C:\Users\YONI\AppData\Roaming\npm\node_modules\firebase-tools\lib\bin\firebase.js init
[debug] [2023-05-09T06:24:44.815Z] CLI Version:   11.30.0
[debug] [2023-05-09T06:24:44.815Z] Platform:      win32
[debug] [2023-05-09T06:24:44.815Z] Node Version:  v16.19.0
[debug] [2023-05-09T06:24:44.818Z] Time:          Tue May 09 2023 09:24:44 GMT+0300 (East Africa Time)
[debug] [2023-05-09T06:24:44.819Z] ----------------------------------------------------------------------
[debug] 
[debug] [2023-05-09T06:24:44.832Z] >>> [apiv2][query] GET https://firebase-public.firebaseio.com/cli.json [none]
[debug] [2023-05-09T06:24:44.858Z] > command requires scopes: ["email","openid","https://www.googleapis.com/auth/cloudplatformprojects.readonly","https://www.googleapis.com/auth/firebase","https://www.googleapis.com/auth/cloud-platform"]
[debug] [2023-05-09T06:24:44.858Z] > authorizing via signed-in user (se.yonatan.merkebu@gmail.com)
[info] 
     ######## #### ########  ######## ########     ###     ######  ########
     ##        ##  ##     ## ##       ##     ##  ##   ##  ##       ##
     ######    ##  ########  ######   ########  #########  ######  ######
     ##        ##  ##    ##  ##       ##     ## ##     ##       ## ##
     ##       #### ##     ## ######## ########  ##     ##  ######  ########

You're about to initialize a Firebase project in this directory:

  C:\Users\YONI\Desktop\mirror-code-backend

[debug] [2023-05-09T06:24:45.811Z] <<< [apiv2][status] GET https://firebase-public.firebaseio.com/cli.json 200
[debug] [2023-05-09T06:24:45.811Z] <<< [apiv2][body] GET https://firebase-public.firebaseio.com/cli.json {"cloudBuildErrorAfter":1594252800000,"cloudBuildWarnAfter":1590019200000,"defaultNode10After":1594252800000,"minVersion":"3.0.5","node8DeploysDisabledAfter":1613390400000,"node8RuntimeDisabledAfter":1615809600000,"node8WarnAfter":1600128000000}
